2021-09-14 08:08:26.868  INFO 10200 --- [main] c.u.ecommerce.ECommerceApplication       : Starting ECommerceApplication using Java 16.0.2 on melsheikh with PID 10200 (G:\JWDND\e-commerce-app\target\classes started by DELL in G:\JWDND\e-commerce-app)
2021-09-14 08:08:26.872  INFO 10200 --- [main] c.u.ecommerce.ECommerceApplication       : No active profile set, falling back to default profiles: default
2021-09-14 08:08:27.959  INFO 10200 --- [main] .s.d.r.c.RepositoryConfigurationDelegate : Bootstrapping Spring Data JPA repositories in DEFAULT mode.
2021-09-14 08:08:28.018  INFO 10200 --- [main] .s.d.r.c.RepositoryConfigurationDelegate : Finished Spring Data repository scanning in 51 ms. Found 4 JPA repository interfaces.
2021-09-14 08:08:28.930  INFO 10200 --- [main] o.s.b.w.embedded.tomcat.TomcatWebServer  : Tomcat initialized with port(s): 8080 (http)
2021-09-14 08:08:28.941  INFO 10200 --- [main] o.apache.catalina.core.StandardService   : Starting service [Tomcat]
2021-09-14 08:08:28.942  INFO 10200 --- [main] org.apache.catalina.core.StandardEngine  : Starting Servlet engine: [Apache Tomcat/9.0.52]
2021-09-14 08:08:29.065  INFO 10200 --- [main] o.a.c.c.C.[Tomcat].[localhost].[/]       : Initializing Spring embedded WebApplicationContext
2021-09-14 08:08:29.066  INFO 10200 --- [main] w.s.c.ServletWebServerApplicationContext : Root WebApplicationContext: initialization completed in 2060 ms
2021-09-14 08:08:29.194  INFO 10200 --- [main] o.hibernate.jpa.internal.util.LogHelper  : HHH000204: Processing PersistenceUnitInfo [name: default]
2021-09-14 08:08:29.249  INFO 10200 --- [main] org.hibernate.Version                    : HHH000412: Hibernate ORM core version 5.4.32.Final
2021-09-14 08:08:29.355  INFO 10200 --- [main] o.hibernate.annotations.common.Version   : HCANN000001: Hibernate Commons Annotations {5.1.2.Final}
2021-09-14 08:08:29.438  INFO 10200 --- [main] com.zaxxer.hikari.HikariDataSource       : HikariPool-1 - Starting...
2021-09-14 08:08:34.176  INFO 10200 --- [main] com.zaxxer.hikari.HikariDataSource       : HikariPool-1 - Start completed.
2021-09-14 08:08:34.199  INFO 10200 --- [main] org.hibernate.dialect.Dialect            : HHH000400: Using dialect: org.hibernate.dialect.H2Dialect
2021-09-14 08:08:34.880  INFO 10200 --- [main] o.h.e.t.j.p.i.JtaPlatformInitiator       : HHH000490: Using JtaPlatform implementation: [org.hibernate.engine.transaction.jta.platform.internal.NoJtaPlatform]
2021-09-14 08:08:34.888  INFO 10200 --- [main] j.LocalContainerEntityManagerFactoryBean : Initialized JPA EntityManagerFactory for persistence unit 'default'
2021-09-14 08:08:35.444  INFO 10200 --- [main] o.s.s.web.DefaultSecurityFilterChain     : Will secure Ant [pattern='/api/user/create'] with []
2021-09-14 08:08:35.616  INFO 10200 --- [main] o.s.s.web.DefaultSecurityFilterChain     : Will secure any request with [org.springframework.security.web.context.request.async.WebAsyncManagerIntegrationFilter@49bc71b4, org.springframework.security.web.context.SecurityContextPersistenceFilter@91a1005, org.springframework.security.web.header.HeaderWriterFilter@63636de0, org.springframework.web.filter.CorsFilter@7efa366, org.springframework.security.web.authentication.logout.LogoutFilter@7a0d2c80, com.udacity.ecommerce.security.JWTAuthenticationFilter@6c2f8ecb, com.udacity.ecommerce.security.JWTAuthenticationVerificationFilter@c3d4bd7, org.springframework.security.web.savedrequest.RequestCacheAwareFilter@4a3bf37c, org.springframework.security.web.servletapi.SecurityContextHolderAwareRequestFilter@6da9541c, org.springframework.security.web.authentication.AnonymousAuthenticationFilter@2626aa35, org.springframework.security.web.session.SessionManagementFilter@352ce817, org.springframework.security.web.access.ExceptionTranslationFilter@87f6ab5, org.springframework.security.web.access.intercept.FilterSecurityInterceptor@1fec9d33]
2021-09-14 08:08:35.870  INFO 10200 --- [main] o.s.b.w.embedded.tomcat.TomcatWebServer  : Tomcat started on port(s): 8080 (http) with context path ''
2021-09-14 08:08:35.881  INFO 10200 --- [main] c.u.ecommerce.ECommerceApplication       : Started ECommerceApplication in 9.664 seconds (JVM running for 10.686)
2021-09-14 08:09:01.268  INFO 10200 --- [http-nio-8080-exec-2] o.a.c.c.C.[Tomcat].[localhost].[/]       : Initializing Spring DispatcherServlet 'dispatcherServlet'
2021-09-14 08:09:01.268  INFO 10200 --- [http-nio-8080-exec-2] o.s.web.servlet.DispatcherServlet        : Initializing Servlet 'dispatcherServlet'
2021-09-14 08:09:01.270  INFO 10200 --- [http-nio-8080-exec-2] o.s.web.servlet.DispatcherServlet        : Completed initialization in 2 ms
2021-09-14 08:09:01.418  INFO 10200 --- [http-nio-8080-exec-2] c.u.e.controllers.UserController         : CreateUser|Request=CreateUserRequest(username=Sasa94s, password=passw0rD!, confirmPassword=passw0rD!)
2021-09-14 08:09:01.722  INFO 10200 --- [http-nio-8080-exec-2] c.u.e.controllers.UserController         : CreateUser|Response=User(id=1, username=Sasa94s, password=$2a$10$bd.dEUkv9c.KLZYagTi3tOFf0kSYJvqTv.aNsgtEDRKPkfj/gmFyW, salt=$2a$10$bd.dEUkv9c.KLZYagTi3tO)
2021-09-14 08:09:06.887  INFO 10200 --- [http-nio-8080-exec-4] c.u.e.controllers.UserController         : FindById|Request=(ID=1)
2021-09-14 08:09:06.903  INFO 10200 --- [http-nio-8080-exec-4] c.u.e.controllers.UserController         : FindById|Response=User(id=1, username=Sasa94s, password=$2a$10$bd.dEUkv9c.KLZYagTi3tOFf0kSYJvqTv.aNsgtEDRKPkfj/gmFyW, salt=$2a$10$bd.dEUkv9c.KLZYagTi3tO)
2021-09-14 08:09:09.214  INFO 10200 --- [http-nio-8080-exec-5] c.u.e.controllers.UserController         : FindByUsername|Request=(Username=Sasa94s)
2021-09-14 08:09:09.215  INFO 10200 --- [http-nio-8080-exec-5] c.u.e.controllers.UserController         : FindByUserName|Response=User(id=1, username=Sasa94s, password=$2a$10$bd.dEUkv9c.KLZYagTi3tOFf0kSYJvqTv.aNsgtEDRKPkfj/gmFyW, salt=$2a$10$bd.dEUkv9c.KLZYagTi3tO)
2021-09-14 08:09:11.587  INFO 10200 --- [http-nio-8080-exec-6] c.u.e.controllers.ItemController         : GetItems|Request
2021-09-14 08:09:11.593  INFO 10200 --- [http-nio-8080-exec-6] c.u.e.controllers.ItemController         : GetItems|Response=[Count=2]
2021-09-14 08:09:15.910  INFO 10200 --- [http-nio-8080-exec-7] c.u.e.controllers.ItemController         : GetItemById|Request=(ID=1)
2021-09-14 08:09:15.912  INFO 10200 --- [http-nio-8080-exec-7] c.u.e.controllers.ItemController         : GetItemById|Response=Item(id=1, name=Round Widget, price=2.99, description=A widget that is round)
2021-09-14 08:09:18.513  INFO 10200 --- [http-nio-8080-exec-8] c.u.e.controllers.ItemController         : GetItemsByName|Request=(Name=Round Widget)
2021-09-14 08:09:18.518  INFO 10200 --- [http-nio-8080-exec-8] c.u.e.controllers.ItemController         : GetItemsByName|Response|[Count=1]
2021-09-14 08:09:21.426  INFO 10200 --- [http-nio-8080-exec-9] c.u.e.controllers.CartController         : AddToCart|Request=ModifyCartRequest(username=Sasa94s, itemId=1, quantity=2)
2021-09-14 08:09:21.459  INFO 10200 --- [http-nio-8080-exec-9] c.u.e.controllers.CartController         : AddToCart|Response=Cart(id=1, user=User(id=1, username=Sasa94s, password=$2a$10$bd.dEUkv9c.KLZYagTi3tOFf0kSYJvqTv.aNsgtEDRKPkfj/gmFyW, salt=$2a$10$bd.dEUkv9c.KLZYagTi3tO), total=5.98)
2021-09-14 08:09:24.488  INFO 10200 --- [http-nio-8080-exec-10] c.u.e.controllers.CartController         : RemoveFromCart|Request=ModifyCartRequest(username=Sasa94s, itemId=1, quantity=1)
2021-09-14 08:09:24.497  INFO 10200 --- [http-nio-8080-exec-10] c.u.e.controllers.CartController         : RemoveFromCart|Response=Cart(id=1, user=User(id=1, username=Sasa94s, password=$2a$10$bd.dEUkv9c.KLZYagTi3tOFf0kSYJvqTv.aNsgtEDRKPkfj/gmFyW, salt=$2a$10$bd.dEUkv9c.KLZYagTi3tO), total=2.99)
2021-09-14 08:09:27.352  INFO 10200 --- [http-nio-8080-exec-1] c.u.e.controllers.OrderController        : Submit|Request=(Username=Sasa94s)
2021-09-14 08:09:27.364  INFO 10200 --- [http-nio-8080-exec-1] c.u.e.controllers.OrderController        : Submit|Response=UserOrder(id=1, user=User(id=1, username=Sasa94s, password=$2a$10$bd.dEUkv9c.KLZYagTi3tOFf0kSYJvqTv.aNsgtEDRKPkfj/gmFyW, salt=$2a$10$bd.dEUkv9c.KLZYagTi3tO), total=2.99)
2021-09-14 08:09:30.129  INFO 10200 --- [http-nio-8080-exec-2] c.u.e.controllers.OrderController        : GetOrdersForUser|Request=(Username=Sasa94s)
2021-09-14 08:09:30.134  INFO 10200 --- [http-nio-8080-exec-2] c.u.e.controllers.OrderController        : Submit|Response=[Count=1]
2021-09-14 08:10:52.112  INFO 10200 --- [http-nio-8080-exec-5] c.u.e.controllers.UserController         : CreateUser|Request=CreateUserRequest(username=Sasa94s, password=passw0rD!, confirmPassword=passw0rD!)
2021-09-14 08:10:52.114 ERROR 10200 --- [http-nio-8080-exec-5] c.u.e.controllers.UserController         : CreateUser|Response|Sasa94s User already exists
2021-09-14 08:11:00.678  INFO 10200 --- [http-nio-8080-exec-8] c.u.e.controllers.UserController         : FindById|Request=(ID=1)
2021-09-14 08:11:00.680  INFO 10200 --- [http-nio-8080-exec-8] c.u.e.controllers.UserController         : FindById|Response=User(id=1, username=Sasa94s, password=$2a$10$bd.dEUkv9c.KLZYagTi3tOFf0kSYJvqTv.aNsgtEDRKPkfj/gmFyW, salt=$2a$10$bd.dEUkv9c.KLZYagTi3tO)
2021-09-14 08:11:04.206  INFO 10200 --- [http-nio-8080-exec-9] c.u.e.controllers.UserController         : FindByUsername|Request=(Username=Sasa94s)
2021-09-14 08:11:04.208  INFO 10200 --- [http-nio-8080-exec-9] c.u.e.controllers.UserController         : FindByUserName|Response=User(id=1, username=Sasa94s, password=$2a$10$bd.dEUkv9c.KLZYagTi3tOFf0kSYJvqTv.aNsgtEDRKPkfj/gmFyW, salt=$2a$10$bd.dEUkv9c.KLZYagTi3tO)
2021-09-14 08:11:07.241  INFO 10200 --- [http-nio-8080-exec-10] c.u.e.controllers.ItemController         : GetItems|Request
2021-09-14 08:11:07.244  INFO 10200 --- [http-nio-8080-exec-10] c.u.e.controllers.ItemController         : GetItems|Response=[Count=2]
2021-09-14 08:11:09.485  INFO 10200 --- [http-nio-8080-exec-1] c.u.e.controllers.ItemController         : GetItemById|Request=(ID=1)
2021-09-14 08:11:09.487  INFO 10200 --- [http-nio-8080-exec-1] c.u.e.controllers.ItemController         : GetItemById|Response=Item(id=1, name=Round Widget, price=2.99, description=A widget that is round)
2021-09-14 08:11:11.797  INFO 10200 --- [http-nio-8080-exec-2] c.u.e.controllers.ItemController         : GetItemsByName|Request=(Name=Round Widget)
2021-09-14 08:11:11.799  INFO 10200 --- [http-nio-8080-exec-2] c.u.e.controllers.ItemController         : GetItemsByName|Response|[Count=1]
2021-09-14 08:11:13.856  INFO 10200 --- [http-nio-8080-exec-3] c.u.e.controllers.CartController         : AddToCart|Request=ModifyCartRequest(username=Sasa94s, itemId=1, quantity=2)
2021-09-14 08:11:13.869  INFO 10200 --- [http-nio-8080-exec-3] c.u.e.controllers.CartController         : AddToCart|Response=Cart(id=1, user=User(id=1, username=Sasa94s, password=$2a$10$bd.dEUkv9c.KLZYagTi3tOFf0kSYJvqTv.aNsgtEDRKPkfj/gmFyW, salt=$2a$10$bd.dEUkv9c.KLZYagTi3tO), total=8.97)
2021-09-14 08:11:16.343  INFO 10200 --- [http-nio-8080-exec-4] c.u.e.controllers.CartController         : RemoveFromCart|Request=ModifyCartRequest(username=Sasa94s, itemId=1, quantity=1)
2021-09-14 08:11:16.353  INFO 10200 --- [http-nio-8080-exec-4] c.u.e.controllers.CartController         : RemoveFromCart|Response=Cart(id=1, user=User(id=1, username=Sasa94s, password=$2a$10$bd.dEUkv9c.KLZYagTi3tOFf0kSYJvqTv.aNsgtEDRKPkfj/gmFyW, salt=$2a$10$bd.dEUkv9c.KLZYagTi3tO), total=5.98)
2021-09-14 08:11:18.609  INFO 10200 --- [http-nio-8080-exec-5] c.u.e.controllers.OrderController        : Submit|Request=(Username=Sasa94s)
2021-09-14 08:11:18.619  INFO 10200 --- [http-nio-8080-exec-5] c.u.e.controllers.OrderController        : Submit|Response=UserOrder(id=2, user=User(id=1, username=Sasa94s, password=$2a$10$bd.dEUkv9c.KLZYagTi3tOFf0kSYJvqTv.aNsgtEDRKPkfj/gmFyW, salt=$2a$10$bd.dEUkv9c.KLZYagTi3tO), total=5.98)
2021-09-14 08:11:20.890  INFO 10200 --- [http-nio-8080-exec-6] c.u.e.controllers.OrderController        : GetOrdersForUser|Request=(Username=Sasa94s)
2021-09-14 08:11:20.895  INFO 10200 --- [http-nio-8080-exec-6] c.u.e.controllers.OrderController        : Submit|Response=[Count=2]
2021-09-14 08:13:26.964  INFO 10200 --- [http-nio-8080-exec-9] c.u.e.controllers.OrderController        : GetOrdersForUser|Request=(Username=Sasa94s)
2021-09-14 08:13:26.967  INFO 10200 --- [http-nio-8080-exec-9] c.u.e.controllers.OrderController        : Submit|Response=[Count=2]
2021-09-14 08:13:32.086  INFO 10200 --- [http-nio-8080-exec-10] c.u.e.controllers.OrderController        : Submit|Request=(Username=Sasa94s)
2021-09-14 08:13:32.092  INFO 10200 --- [http-nio-8080-exec-10] c.u.e.controllers.OrderController        : Submit|Response=UserOrder(id=3, user=User(id=1, username=Sasa94s, password=$2a$10$bd.dEUkv9c.KLZYagTi3tOFf0kSYJvqTv.aNsgtEDRKPkfj/gmFyW, salt=$2a$10$bd.dEUkv9c.KLZYagTi3tO), total=5.98)
2021-09-14 08:13:51.467  INFO 10200 --- [http-nio-8080-exec-1] c.u.e.controllers.CartController         : RemoveFromCart|Request=ModifyCartRequest(username=Sasa94s, itemId=1, quantity=1)
2021-09-14 08:13:51.475  INFO 10200 --- [http-nio-8080-exec-1] c.u.e.controllers.CartController         : RemoveFromCart|Response=Cart(id=1, user=User(id=1, username=Sasa94s, password=$2a$10$bd.dEUkv9c.KLZYagTi3tOFf0kSYJvqTv.aNsgtEDRKPkfj/gmFyW, salt=$2a$10$bd.dEUkv9c.KLZYagTi3tO), total=2.99)
2021-09-14 08:14:00.405  INFO 10200 --- [http-nio-8080-exec-2] c.u.e.controllers.CartController         : RemoveFromCart|Request=ModifyCartRequest(username=Sasa94s, itemId=2, quantity=1)
2021-09-14 08:14:00.409  INFO 10200 --- [http-nio-8080-exec-2] c.u.e.controllers.CartController         : RemoveFromCart|Response=Cart(id=1, user=User(id=1, username=Sasa94s, password=$2a$10$bd.dEUkv9c.KLZYagTi3tOFf0kSYJvqTv.aNsgtEDRKPkfj/gmFyW, salt=$2a$10$bd.dEUkv9c.KLZYagTi3tO), total=1.00)
2021-09-14 08:14:05.114  INFO 10200 --- [http-nio-8080-exec-3] c.u.e.controllers.CartController         : RemoveFromCart|Request=ModifyCartRequest(username=Sasa94s, itemId=1, quantity=1)
2021-09-14 08:14:05.121  INFO 10200 --- [http-nio-8080-exec-3] c.u.e.controllers.CartController         : RemoveFromCart|Response=Cart(id=1, user=User(id=1, username=Sasa94s, password=$2a$10$bd.dEUkv9c.KLZYagTi3tOFf0kSYJvqTv.aNsgtEDRKPkfj/gmFyW, salt=$2a$10$bd.dEUkv9c.KLZYagTi3tO), total=-1.99)
2021-09-14 08:14:16.911  INFO 10200 --- [http-nio-8080-exec-4] c.u.e.controllers.OrderController        : Submit|Request=(Username=Sasa94s)
2021-09-14 08:14:16.915  INFO 10200 --- [http-nio-8080-exec-4] c.u.e.controllers.OrderController        : Submit|Response=UserOrder(id=4, user=User(id=1, username=Sasa94s, password=$2a$10$bd.dEUkv9c.KLZYagTi3tOFf0kSYJvqTv.aNsgtEDRKPkfj/gmFyW, salt=$2a$10$bd.dEUkv9c.KLZYagTi3tO), total=-1.99)
2021-09-14 08:21:30.870  INFO 10200 --- [http-nio-8080-exec-7] c.u.e.controllers.UserController         : CreateUser|Request=CreateUserRequest(username=Sasa94s2, password=passw0rD!, confirmPassword=passw0rD!)
2021-09-14 08:21:31.037  INFO 10200 --- [http-nio-8080-exec-7] c.u.e.controllers.UserController         : CreateUser|Response=User(id=2, username=Sasa94s2, password=$2a$10$WrubiaP8s3NiSbg.sxauT.rUxgyPxz/uxzuZNZpIZgUVNP0nA1daS, salt=$2a$10$WrubiaP8s3NiSbg.sxauT.)
2021-09-14 08:21:32.729  INFO 10200 --- [http-nio-8080-exec-8] c.u.e.controllers.UserController         : CreateUser|Request=CreateUserRequest(username=Sasa94s3, password=passw0rD!, confirmPassword=passw0rD!)
2021-09-14 08:21:32.889  INFO 10200 --- [http-nio-8080-exec-8] c.u.e.controllers.UserController         : CreateUser|Response=User(id=3, username=Sasa94s3, password=$2a$10$ngi/lQO7Si5f6qQ7Ls9GY.seJrHaMGR3oAgPMOiDqqo6GWvZuyyre, salt=$2a$10$ngi/lQO7Si5f6qQ7Ls9GY.)
2021-09-14 08:21:34.200  INFO 10200 --- [http-nio-8080-exec-9] c.u.e.controllers.UserController         : CreateUser|Request=CreateUserRequest(username=Sasa94s4, password=passw0rD!, confirmPassword=passw0rD!)
2021-09-14 08:21:34.361  INFO 10200 --- [http-nio-8080-exec-9] c.u.e.controllers.UserController         : CreateUser|Response=User(id=4, username=Sasa94s4, password=$2a$10$/hzaFkjJ23bLjcrFBaWKauuSy5AXUweJghyI7uIi2Ujm38cE414SK, salt=$2a$10$/hzaFkjJ23bLjcrFBaWKau)
2021-09-14 08:21:35.675  INFO 10200 --- [http-nio-8080-exec-10] c.u.e.controllers.UserController         : CreateUser|Request=CreateUserRequest(username=Sasa94s5, password=passw0rD!, confirmPassword=passw0rD!)
2021-09-14 08:21:35.835  INFO 10200 --- [http-nio-8080-exec-10] c.u.e.controllers.UserController         : CreateUser|Response=User(id=5, username=Sasa94s5, password=$2a$10$raxoFiEVu/uwfYZGZJ/CDu82sr9ezKj6RGMnB0SshM/6lXp0SSQU., salt=$2a$10$raxoFiEVu/uwfYZGZJ/CDu)
2021-09-14 08:21:37.014  INFO 10200 --- [http-nio-8080-exec-1] c.u.e.controllers.UserController         : CreateUser|Request=CreateUserRequest(username=Sasa94s6, password=passw0rD!, confirmPassword=passw0rD!)
2021-09-14 08:21:37.190  INFO 10200 --- [http-nio-8080-exec-1] c.u.e.controllers.UserController         : CreateUser|Response=User(id=6, username=Sasa94s6, password=$2a$10$ZlI1QtG.4RB/Ylc0njq4DOFbTPe0FLRRVMckClhH9K89VzjzmWDk6, salt=$2a$10$ZlI1QtG.4RB/Ylc0njq4DO)
2021-09-14 08:21:38.386  INFO 10200 --- [http-nio-8080-exec-2] c.u.e.controllers.UserController         : CreateUser|Request=CreateUserRequest(username=Sasa94s7, password=passw0rD!, confirmPassword=passw0rD!)
2021-09-14 08:21:38.543  INFO 10200 --- [http-nio-8080-exec-2] c.u.e.controllers.UserController         : CreateUser|Response=User(id=7, username=Sasa94s7, password=$2a$10$OnbCcyvuLpeOWwaNAUQ/z..gYffZcCWlLfaJqPAnyQNKlreLALDUm, salt=$2a$10$OnbCcyvuLpeOWwaNAUQ/z.)
2021-09-14 08:21:39.867  INFO 10200 --- [http-nio-8080-exec-3] c.u.e.controllers.UserController         : CreateUser|Request=CreateUserRequest(username=Sasa94s8, password=passw0rD!, confirmPassword=passw0rD!)
2021-09-14 08:21:40.026  INFO 10200 --- [http-nio-8080-exec-3] c.u.e.controllers.UserController         : CreateUser|Response=User(id=8, username=Sasa94s8, password=$2a$10$NS0VV4lhHE426BOMFFBspu7BJh/JY9viGpu84gO02P1A8VG5P4//a, salt=$2a$10$NS0VV4lhHE426BOMFFBspu)
2021-09-14 08:21:41.505  INFO 10200 --- [http-nio-8080-exec-4] c.u.e.controllers.UserController         : CreateUser|Request=CreateUserRequest(username=Sasa94s9, password=passw0rD!, confirmPassword=passw0rD!)
2021-09-14 08:21:41.665  INFO 10200 --- [http-nio-8080-exec-4] c.u.e.controllers.UserController         : CreateUser|Response=User(id=9, username=Sasa94s9, password=$2a$10$4RA4SbIwp.CprOkMl64nJuXoEvY2QYI3brFgQY0DFTp/f/KiCh2/e, salt=$2a$10$4RA4SbIwp.CprOkMl64nJu)
2021-09-14 08:21:44.702  INFO 10200 --- [http-nio-8080-exec-5] c.u.e.controllers.UserController         : CreateUser|Request=CreateUserRequest(username=Sasa94s10, password=passw0rD!, confirmPassword=passw0rD!)
2021-09-14 08:21:44.864  INFO 10200 --- [http-nio-8080-exec-5] c.u.e.controllers.UserController         : CreateUser|Response=User(id=10, username=Sasa94s10, password=$2a$10$m8TlTpAH/GL2abKYmYTLwOkyNT/azdFaWol.JS.TPGmoTvgP/8n2m, salt=$2a$10$m8TlTpAH/GL2abKYmYTLwO)
2021-09-14 08:21:46.695  INFO 10200 --- [http-nio-8080-exec-6] c.u.e.controllers.UserController         : CreateUser|Request=CreateUserRequest(username=Sasa94s11, password=passw0rD!, confirmPassword=passw0rD!)
2021-09-14 08:21:46.854  INFO 10200 --- [http-nio-8080-exec-6] c.u.e.controllers.UserController         : CreateUser|Response=User(id=11, username=Sasa94s11, password=$2a$10$05PnhFcUzbXB/NFl8uACg.uaXdFDqlY2xhc524GpZ65zyuwvL2dN6, salt=$2a$10$05PnhFcUzbXB/NFl8uACg.)
2021-09-14 08:21:48.194  INFO 10200 --- [http-nio-8080-exec-7] c.u.e.controllers.UserController         : CreateUser|Request=CreateUserRequest(username=Sasa94s12, password=passw0rD!, confirmPassword=passw0rD!)
2021-09-14 08:21:48.346  INFO 10200 --- [http-nio-8080-exec-7] c.u.e.controllers.UserController         : CreateUser|Response=User(id=12, username=Sasa94s12, password=$2a$10$gG1YohCCu3/RM3yqSmf8WOMOhzCjnk6tqZMSj0HOxyUbfBJKgFQiC, salt=$2a$10$gG1YohCCu3/RM3yqSmf8WO)
2021-09-14 08:21:49.603  INFO 10200 --- [http-nio-8080-exec-8] c.u.e.controllers.UserController         : CreateUser|Request=CreateUserRequest(username=Sasa94s13, password=passw0rD!, confirmPassword=passw0rD!)
2021-09-14 08:21:49.762  INFO 10200 --- [http-nio-8080-exec-8] c.u.e.controllers.UserController         : CreateUser|Response=User(id=13, username=Sasa94s13, password=$2a$10$EGx9aV7Xj7HwSRDSDeQ1.e/afk32traWA1HXSf4057aytWYMSvYcy, salt=$2a$10$EGx9aV7Xj7HwSRDSDeQ1.e)
2021-09-14 08:21:51.021  INFO 10200 --- [http-nio-8080-exec-9] c.u.e.controllers.UserController         : CreateUser|Request=CreateUserRequest(username=Sasa94s14, password=passw0rD!, confirmPassword=passw0rD!)
2021-09-14 08:21:51.138  INFO 10200 --- [http-nio-8080-exec-9] c.u.e.controllers.UserController         : CreateUser|Response=User(id=14, username=Sasa94s14, password=$2a$10$BlGWBIDKMJBTVUvrIk6aPObjgJodRbYDA2XGXm2TQL6/dMiSj2oFK, salt=$2a$10$BlGWBIDKMJBTVUvrIk6aPO)
2021-09-14 08:21:52.412  INFO 10200 --- [http-nio-8080-exec-10] c.u.e.controllers.UserController         : CreateUser|Request=CreateUserRequest(username=Sasa94s15, password=passw0rD!, confirmPassword=passw0rD!)
2021-09-14 08:21:52.525  INFO 10200 --- [http-nio-8080-exec-10] c.u.e.controllers.UserController         : CreateUser|Response=User(id=15, username=Sasa94s15, password=$2a$10$9NQsHFk6TZDCXRkrU4bv9uW9sgMgAfMrdO5GlyjtE.0abd976TtuK, salt=$2a$10$9NQsHFk6TZDCXRkrU4bv9u)
2021-09-14 08:21:53.638  INFO 10200 --- [http-nio-8080-exec-1] c.u.e.controllers.UserController         : CreateUser|Request=CreateUserRequest(username=Sasa94s16, password=passw0rD!, confirmPassword=passw0rD!)
2021-09-14 08:21:53.798  INFO 10200 --- [http-nio-8080-exec-1] c.u.e.controllers.UserController         : CreateUser|Response=User(id=16, username=Sasa94s16, password=$2a$10$YCm9T/yZH.da2q2wcUkKxeVTPtj8vEJHW0FN79rRKFenqCzSTtU0W, salt=$2a$10$YCm9T/yZH.da2q2wcUkKxe)
2021-09-14 08:21:56.081  INFO 10200 --- [http-nio-8080-exec-2] c.u.e.controllers.UserController         : CreateUser|Request=CreateUserRequest(username=Sasa94s17, password=passw0rD!, confirmPassword=passw0rD!)
2021-09-14 08:21:56.229  INFO 10200 --- [http-nio-8080-exec-2] c.u.e.controllers.UserController         : CreateUser|Response=User(id=17, username=Sasa94s17, password=$2a$10$.5.tceAGD6SFc30rsQV2ZO80kpes70ACsl0/jm7s8HVj3jc/MYi/m, salt=$2a$10$.5.tceAGD6SFc30rsQV2ZO)
2021-09-14 08:21:58.174  INFO 10200 --- [http-nio-8080-exec-3] c.u.e.controllers.UserController         : CreateUser|Request=CreateUserRequest(username=Sasa94s18, password=passw0rD!, confirmPassword=passw0rD!)
2021-09-14 08:21:58.326  INFO 10200 --- [http-nio-8080-exec-3] c.u.e.controllers.UserController         : CreateUser|Response=User(id=18, username=Sasa94s18, password=$2a$10$YxvhP66iwAiXYRlrZZRqSu/TViH1cRmseMH.A9irq/C28CPyTQPmO, salt=$2a$10$YxvhP66iwAiXYRlrZZRqSu)
2021-09-14 08:22:00.916  INFO 10200 --- [http-nio-8080-exec-4] c.u.e.controllers.UserController         : CreateUser|Request=CreateUserRequest(username=Sasa94s19, password=passw0rD!, confirmPassword=passw0rD!)
2021-09-14 08:22:01.075  INFO 10200 --- [http-nio-8080-exec-4] c.u.e.controllers.UserController         : CreateUser|Response=User(id=19, username=Sasa94s19, password=$2a$10$HhDT8dlhOq0LMGPELR.bp.DmtAfSU3tgV/sdC5RTbBTYQFxOwrGAe, salt=$2a$10$HhDT8dlhOq0LMGPELR.bp.)
2021-09-14 08:22:03.420  INFO 10200 --- [http-nio-8080-exec-5] c.u.e.controllers.UserController         : CreateUser|Request=CreateUserRequest(username=Sasa94s20, password=passw0rD!, confirmPassword=passw0rD!)
2021-09-14 08:22:03.579  INFO 10200 --- [http-nio-8080-exec-5] c.u.e.controllers.UserController         : CreateUser|Response=User(id=20, username=Sasa94s20, password=$2a$10$kXQtYtyCLshUMKxUK3aPGOHFC0UooVtrFWLLKQXHZQhLwS3YSEpna, salt=$2a$10$kXQtYtyCLshUMKxUK3aPGO)
2021-09-14 08:41:37.628  WARN 10200 --- [HikariPool-1 housekeeper] com.zaxxer.hikari.pool.HikariPool        : HikariPool-1 - Thread starvation or clock leap detected (housekeeper delta=4m2s915ms847µs800ns).
2021-09-14 08:47:00.882  INFO 10200 --- [http-nio-8080-exec-8] c.u.e.controllers.UserController         : CreateUser|Request=CreateUserRequest(username=Sasa94s21, password=passw0rD!, confirmPassword=passw0rD!)
2021-09-14 08:47:00.989  INFO 10200 --- [http-nio-8080-exec-8] c.u.e.controllers.UserController         : CreateUser|Response=User(id=21, username=Sasa94s21, password=$2a$10$wBC6UZCh/ZQf7.7FazGbZuTQ4u1hvV9dLsWg5v1nngcSUK1SF0Cm2, salt=$2a$10$wBC6UZCh/ZQf7.7FazGbZu)
2021-09-14 08:47:02.343  INFO 10200 --- [http-nio-8080-exec-9] c.u.e.controllers.UserController         : CreateUser|Request=CreateUserRequest(username=Sasa94s22, password=passw0rD!, confirmPassword=passw0rD!)
2021-09-14 08:47:02.447  INFO 10200 --- [http-nio-8080-exec-9] c.u.e.controllers.UserController         : CreateUser|Response=User(id=22, username=Sasa94s22, password=$2a$10$DPaSRaXYsmdBkh/tubmPsO7cYOwk/n8IS0ML/s0GcGOHOFd5yqdKi, salt=$2a$10$DPaSRaXYsmdBkh/tubmPsO)
2021-09-14 08:47:03.759  INFO 10200 --- [http-nio-8080-exec-10] c.u.e.controllers.UserController         : CreateUser|Request=CreateUserRequest(username=Sasa94s23, password=passw0rD!, confirmPassword=passw0rD!)
2021-09-14 08:47:03.864  INFO 10200 --- [http-nio-8080-exec-10] c.u.e.controllers.UserController         : CreateUser|Response=User(id=23, username=Sasa94s23, password=$2a$10$m/AbHRRp2vWwT8R2Zww12Oy2napC7TqbFvZAeshVwRCDEaIdylx9m, salt=$2a$10$m/AbHRRp2vWwT8R2Zww12O)
2021-09-14 08:47:05.300  INFO 10200 --- [http-nio-8080-exec-1] c.u.e.controllers.UserController         : CreateUser|Request=CreateUserRequest(username=Sasa94s24, password=passw0rD!, confirmPassword=passw0rD!)
2021-09-14 08:47:05.433  INFO 10200 --- [http-nio-8080-exec-1] c.u.e.controllers.UserController         : CreateUser|Response=User(id=24, username=Sasa94s24, password=$2a$10$o2ip54vD4azvq1RW6dl6dO0Ov0kMdxGeqUBl47LQkw/86peorguXy, salt=$2a$10$o2ip54vD4azvq1RW6dl6dO)
2021-09-14 08:47:06.665  INFO 10200 --- [http-nio-8080-exec-2] c.u.e.controllers.UserController         : CreateUser|Request=CreateUserRequest(username=Sasa94s25, password=passw0rD!, confirmPassword=passw0rD!)
2021-09-14 08:47:06.770  INFO 10200 --- [http-nio-8080-exec-2] c.u.e.controllers.UserController         : CreateUser|Response=User(id=25, username=Sasa94s25, password=$2a$10$WyfgLifdIce3Rm9nkWUna.7uCUd1v9GsTWni6DqpJvizdyNJhXLdW, salt=$2a$10$WyfgLifdIce3Rm9nkWUna.)
2021-09-14 08:47:07.914  INFO 10200 --- [http-nio-8080-exec-3] c.u.e.controllers.UserController         : CreateUser|Request=CreateUserRequest(username=Sasa94s26, password=passw0rD!, confirmPassword=passw0rD!)
2021-09-14 08:47:08.018  INFO 10200 --- [http-nio-8080-exec-3] c.u.e.controllers.UserController         : CreateUser|Response=User(id=26, username=Sasa94s26, password=$2a$10$dCzvmXUmFOAKb4K5YW22Geqmiae.eYP36LvDlFioz1DY3YKdEKxki, salt=$2a$10$dCzvmXUmFOAKb4K5YW22Ge)
2021-09-14 08:47:09.593  INFO 10200 --- [http-nio-8080-exec-4] c.u.e.controllers.UserController         : CreateUser|Request=CreateUserRequest(username=Sasa94s27, password=passw0rD!, confirmPassword=passw0rD!)
2021-09-14 08:47:09.701  INFO 10200 --- [http-nio-8080-exec-4] c.u.e.controllers.UserController         : CreateUser|Response=User(id=27, username=Sasa94s27, password=$2a$10$JjmUKoUyjM4DtnN/wJunLOtCFBIJEFw.OusIhTh.G3F0pLt/E3jxu, salt=$2a$10$JjmUKoUyjM4DtnN/wJunLO)
2021-09-14 08:47:11.300  INFO 10200 --- [http-nio-8080-exec-5] c.u.e.controllers.UserController         : CreateUser|Request=CreateUserRequest(username=Sasa94s28, password=passw0rD!, confirmPassword=passw0rD!)
2021-09-14 08:47:11.405  INFO 10200 --- [http-nio-8080-exec-5] c.u.e.controllers.UserController         : CreateUser|Response=User(id=28, username=Sasa94s28, password=$2a$10$j0arSMvkjEd6LP0h0nP8keClWoHbDaA.bor0pC0Osfe/tYInMKOnS, salt=$2a$10$j0arSMvkjEd6LP0h0nP8ke)
2021-09-14 08:47:13.032  INFO 10200 --- [http-nio-8080-exec-6] c.u.e.controllers.UserController         : CreateUser|Request=CreateUserRequest(username=Sasa94s29, password=passw0rD!, confirmPassword=passw0rD!)
2021-09-14 08:47:13.137  INFO 10200 --- [http-nio-8080-exec-6] c.u.e.controllers.UserController         : CreateUser|Response=User(id=29, username=Sasa94s29, password=$2a$10$34yvEO3PiKLW/3jpGs2FnuNBDe/e5tO3EhX6D.KZz0Kpf/b49SoLS, salt=$2a$10$34yvEO3PiKLW/3jpGs2Fnu)
2021-09-14 08:47:14.797  INFO 10200 --- [http-nio-8080-exec-7] c.u.e.controllers.UserController         : CreateUser|Request=CreateUserRequest(username=Sasa94s30, password=passw0rD!, confirmPassword=passw0rD!)
2021-09-14 08:47:14.907  INFO 10200 --- [http-nio-8080-exec-7] c.u.e.controllers.UserController         : CreateUser|Response=User(id=30, username=Sasa94s30, password=$2a$10$go3jwwlG/nksckzykoU/4OL8UDQjbJiTTDDThbWPP3Dvy.Gxb6ijS, salt=$2a$10$go3jwwlG/nksckzykoU/4O)
2021-09-14 08:47:16.138  INFO 10200 --- [http-nio-8080-exec-8] c.u.e.controllers.UserController         : CreateUser|Request=CreateUserRequest(username=Sasa94s31, password=passw0rD!, confirmPassword=passw0rD!)
2021-09-14 08:47:16.242  INFO 10200 --- [http-nio-8080-exec-8] c.u.e.controllers.UserController         : CreateUser|Response=User(id=31, username=Sasa94s31, password=$2a$10$L7OYiJivEf8TqwU4nxXMHOgUv5ZiiDw4Xmg.zSCPNeh9f.eI7nlSy, salt=$2a$10$L7OYiJivEf8TqwU4nxXMHO)
2021-09-14 08:47:17.365  INFO 10200 --- [http-nio-8080-exec-9] c.u.e.controllers.UserController         : CreateUser|Request=CreateUserRequest(username=Sasa94s32, password=passw0rD!, confirmPassword=passw0rD!)
2021-09-14 08:47:17.474  INFO 10200 --- [http-nio-8080-exec-9] c.u.e.controllers.UserController         : CreateUser|Response=User(id=32, username=Sasa94s32, password=$2a$10$ua.Ubm4FUqH9RRRTvCj9sOG1jWAm.y6l0kw0J9uyVopMhBpg2/V7., salt=$2a$10$ua.Ubm4FUqH9RRRTvCj9sO)
2021-09-14 08:47:18.738  INFO 10200 --- [http-nio-8080-exec-10] c.u.e.controllers.UserController         : CreateUser|Request=CreateUserRequest(username=Sasa94s33, password=passw0rD!, confirmPassword=passw0rD!)
2021-09-14 08:47:18.846  INFO 10200 --- [http-nio-8080-exec-10] c.u.e.controllers.UserController         : CreateUser|Response=User(id=33, username=Sasa94s33, password=$2a$10$kx.pbJl0E4DQJPtwj1JL6eufLPd/dRCM72qZRtbUL370CkvX7CLRi, salt=$2a$10$kx.pbJl0E4DQJPtwj1JL6e)
2021-09-14 08:47:20.109  INFO 10200 --- [http-nio-8080-exec-1] c.u.e.controllers.UserController         : CreateUser|Request=CreateUserRequest(username=Sasa94s34, password=passw0rD!, confirmPassword=passw0rD!)
2021-09-14 08:47:20.213  INFO 10200 --- [http-nio-8080-exec-1] c.u.e.controllers.UserController         : CreateUser|Response=User(id=34, username=Sasa94s34, password=$2a$10$3n5M2xU87XFcFP7cQvKJpOe7FSuy0tDiCdhFaJ6kxNS9jm5gkwb6u, salt=$2a$10$3n5M2xU87XFcFP7cQvKJpO)
2021-09-14 08:47:21.451  INFO 10200 --- [http-nio-8080-exec-2] c.u.e.controllers.UserController         : CreateUser|Request=CreateUserRequest(username=Sasa94s35, password=passw0rD!, confirmPassword=passw0rD!)
2021-09-14 08:47:21.557  INFO 10200 --- [http-nio-8080-exec-2] c.u.e.controllers.UserController         : CreateUser|Response=User(id=35, username=Sasa94s35, password=$2a$10$Rlthxcd7Q3rzJ0xMOlvo2uJFDlQuEU8ZrXXIT1wWv6gLqPWJwAJ9., salt=$2a$10$Rlthxcd7Q3rzJ0xMOlvo2u)
2021-09-14 08:47:22.866  INFO 10200 --- [http-nio-8080-exec-3] c.u.e.controllers.UserController         : CreateUser|Request=CreateUserRequest(username=Sasa94s36, password=passw0rD!, confirmPassword=passw0rD!)
2021-09-14 08:47:22.970  INFO 10200 --- [http-nio-8080-exec-3] c.u.e.controllers.UserController         : CreateUser|Response=User(id=36, username=Sasa94s36, password=$2a$10$2U9aEiYrj0.XkexuA6l88e3fQs2MqiR2ljw6Row2efhqSaZV6XXjC, salt=$2a$10$2U9aEiYrj0.XkexuA6l88e)
2021-09-14 08:47:24.114  INFO 10200 --- [http-nio-8080-exec-4] c.u.e.controllers.UserController         : CreateUser|Request=CreateUserRequest(username=Sasa94s37, password=passw0rD!, confirmPassword=passw0rD!)
2021-09-14 08:47:24.219  INFO 10200 --- [http-nio-8080-exec-4] c.u.e.controllers.UserController         : CreateUser|Response=User(id=37, username=Sasa94s37, password=$2a$10$x1zTQOiN8xkWWLewH87UnekWwNTV6xE8Iumd6hXK.qar2a4RboBHG, salt=$2a$10$x1zTQOiN8xkWWLewH87Une)
2021-09-14 08:47:25.363  INFO 10200 --- [http-nio-8080-exec-5] c.u.e.controllers.UserController         : CreateUser|Request=CreateUserRequest(username=Sasa94s38, password=passw0rD!, confirmPassword=passw0rD!)
2021-09-14 08:47:25.468  INFO 10200 --- [http-nio-8080-exec-5] c.u.e.controllers.UserController         : CreateUser|Response=User(id=38, username=Sasa94s38, password=$2a$10$QJqJ6.y0d8IQ0oGtzu5WaOCJ/Z.xcsdZbKXG2/62e5/q8hwdXk8Y., salt=$2a$10$QJqJ6.y0d8IQ0oGtzu5WaO)
2021-09-14 08:47:26.873  INFO 10200 --- [http-nio-8080-exec-6] c.u.e.controllers.UserController         : CreateUser|Request=CreateUserRequest(username=Sasa94s39, password=passw0rD!, confirmPassword=passw0rD!)
2021-09-14 08:47:26.979  INFO 10200 --- [http-nio-8080-exec-6] c.u.e.controllers.UserController         : CreateUser|Response=User(id=39, username=Sasa94s39, password=$2a$10$SyDu8Ut5iNqfkz0SK2nyY.j42LcEsCAcFnNRs4tnHd9v7AZ3yIZI., salt=$2a$10$SyDu8Ut5iNqfkz0SK2nyY.)
2021-09-14 08:47:28.908  INFO 10200 --- [http-nio-8080-exec-7] c.u.e.controllers.UserController         : CreateUser|Request=CreateUserRequest(username=Sasa94s40, password=passw0rD!, confirmPassword=passw0rD!)
2021-09-14 08:47:29.016  INFO 10200 --- [http-nio-8080-exec-7] c.u.e.controllers.UserController         : CreateUser|Response=User(id=40, username=Sasa94s40, password=$2a$10$JCOUdeDNVhTUzsJEziRJ4ufhgFrwsRl7w9l7zQF2uBKMtGcV7l0/6, salt=$2a$10$JCOUdeDNVhTUzsJEziRJ4u)
2021-09-14 08:47:36.200  INFO 10200 --- [http-nio-8080-exec-8] c.u.e.controllers.UserController         : CreateUser|Request=CreateUserRequest(username=Sasa94s41, password=passw0rD!, confirmPassword=passw0rD!)
2021-09-14 08:47:36.311  INFO 10200 --- [http-nio-8080-exec-8] c.u.e.controllers.UserController         : CreateUser|Response=User(id=41, username=Sasa94s41, password=$2a$10$XC2uLDkuff6HoFMYLjo6s.Bs87fpxN8B5BShQN2MWP.u5nbQsfMH., salt=$2a$10$XC2uLDkuff6HoFMYLjo6s.)
2021-09-14 08:47:37.576  INFO 10200 --- [http-nio-8080-exec-9] c.u.e.controllers.UserController         : CreateUser|Request=CreateUserRequest(username=Sasa94s42, password=passw0rD!, confirmPassword=passw0rD!)
2021-09-14 08:47:37.680  INFO 10200 --- [http-nio-8080-exec-9] c.u.e.controllers.UserController         : CreateUser|Response=User(id=42, username=Sasa94s42, password=$2a$10$fpnqEybKIK3VEbEczSkSo.lgkS.04AVq9kftxJrIa26CrFjVXveHe, salt=$2a$10$fpnqEybKIK3VEbEczSkSo.)
2021-09-14 08:47:38.813  INFO 10200 --- [http-nio-8080-exec-10] c.u.e.controllers.UserController         : CreateUser|Request=CreateUserRequest(username=Sasa94s43, password=passw0rD!, confirmPassword=passw0rD!)
2021-09-14 08:47:38.924  INFO 10200 --- [http-nio-8080-exec-10] c.u.e.controllers.UserController         : CreateUser|Response=User(id=43, username=Sasa94s43, password=$2a$10$qNhlrajR7aTJ81V4LViZueyCFlBuE2YQlVDfPSLSFZsZ3avm3qHZm, salt=$2a$10$qNhlrajR7aTJ81V4LViZue)
2021-09-14 08:47:40.169  INFO 10200 --- [http-nio-8080-exec-1] c.u.e.controllers.UserController         : CreateUser|Request=CreateUserRequest(username=Sasa94s44, password=passw0rD!, confirmPassword=passw0rD!)
2021-09-14 08:47:40.285  INFO 10200 --- [http-nio-8080-exec-1] c.u.e.controllers.UserController         : CreateUser|Response=User(id=44, username=Sasa94s44, password=$2a$10$j6dUcH3So4AW0X11o17xGu71BOJICzNR6gdpFJZ3jefx4zFgVotBi, salt=$2a$10$j6dUcH3So4AW0X11o17xGu)
2021-09-14 08:47:41.590  INFO 10200 --- [http-nio-8080-exec-2] c.u.e.controllers.UserController         : CreateUser|Request=CreateUserRequest(username=Sasa94s45, password=passw0rD!, confirmPassword=passw0rD!)
2021-09-14 08:47:41.696  INFO 10200 --- [http-nio-8080-exec-2] c.u.e.controllers.UserController         : CreateUser|Response=User(id=45, username=Sasa94s45, password=$2a$10$91aCLKrbOJV8zilIIPxEEuDXrHGGH6CXvR2oCSaQUCjZs4Pw/H5d., salt=$2a$10$91aCLKrbOJV8zilIIPxEEu)
2021-09-14 08:47:42.848  INFO 10200 --- [http-nio-8080-exec-3] c.u.e.controllers.UserController         : CreateUser|Request=CreateUserRequest(username=Sasa94s46, password=passw0rD!, confirmPassword=passw0rD!)
2021-09-14 08:47:42.954  INFO 10200 --- [http-nio-8080-exec-3] c.u.e.controllers.UserController         : CreateUser|Response=User(id=46, username=Sasa94s46, password=$2a$10$j/mL3QvXmf0NSHe9gb.SOOkuwsclC/fTyKfCZMf4w8WqaB5yB7nA., salt=$2a$10$j/mL3QvXmf0NSHe9gb.SOO)
2021-09-14 08:47:44.282  INFO 10200 --- [http-nio-8080-exec-4] c.u.e.controllers.UserController         : CreateUser|Request=CreateUserRequest(username=Sasa94s47, password=passw0rD!, confirmPassword=passw0rD!)
2021-09-14 08:47:44.402  INFO 10200 --- [http-nio-8080-exec-4] c.u.e.controllers.UserController         : CreateUser|Response=User(id=47, username=Sasa94s47, password=$2a$10$SJ2oaspLvQIn1VbzHGG1HeE7sCEX9yJHWbsXUGAMvEKnRtBXYau96, salt=$2a$10$SJ2oaspLvQIn1VbzHGG1He)
2021-09-14 08:47:46.694  INFO 10200 --- [http-nio-8080-exec-5] c.u.e.controllers.UserController         : CreateUser|Request=CreateUserRequest(username=Sasa94s48, password=passw0rD!, confirmPassword=passw0rD!)
2021-09-14 08:47:46.804  INFO 10200 --- [http-nio-8080-exec-5] c.u.e.controllers.UserController         : CreateUser|Response=User(id=48, username=Sasa94s48, password=$2a$10$eGluzkUYrl3fnkaPfzwmUuS/hN.ho3zFK/vs3sBtV4hjpewxi2OhC, salt=$2a$10$eGluzkUYrl3fnkaPfzwmUu)
2021-09-14 08:47:48.493  INFO 10200 --- [http-nio-8080-exec-6] c.u.e.controllers.UserController         : CreateUser|Request=CreateUserRequest(username=Sasa94s49, password=passw0rD!, confirmPassword=passw0rD!)
2021-09-14 08:47:48.598  INFO 10200 --- [http-nio-8080-exec-6] c.u.e.controllers.UserController         : CreateUser|Response=User(id=49, username=Sasa94s49, password=$2a$10$BtZonr4cbJfbVNtcP775re.RmGVp2l28/WbXEeo2mPvsz8ZK2uwX., salt=$2a$10$BtZonr4cbJfbVNtcP775re)
2021-09-14 08:47:50.152  INFO 10200 --- [http-nio-8080-exec-7] c.u.e.controllers.UserController         : CreateUser|Request=CreateUserRequest(username=Sasa94s50, password=passw0rD!, confirmPassword=passw0rD!)
2021-09-14 08:47:50.258  INFO 10200 --- [http-nio-8080-exec-7] c.u.e.controllers.UserController         : CreateUser|Response=User(id=50, username=Sasa94s50, password=$2a$10$nDWBMXTN8SkCHGEppEenyOIHcIJhIDhkHwOWXOcc8ZcLUBN6Ez.aa, salt=$2a$10$nDWBMXTN8SkCHGEppEenyO)
2021-09-14 08:48:14.266  INFO 10200 --- [http-nio-8080-exec-8] c.u.e.controllers.UserController         : CreateUser|Request=CreateUserRequest(username=Sasa94s, password=passw0rD!, confirmPassword=passw0rD!)
2021-09-14 08:48:14.267 ERROR 10200 --- [http-nio-8080-exec-8] c.u.e.controllers.UserController         : CreateUser|Response|Sasa94s User already exists
2021-09-14 08:56:47.921  INFO 10200 --- [SpringApplicationShutdownHook] j.LocalContainerEntityManagerFactoryBean : Closing JPA EntityManagerFactory for persistence unit 'default'
2021-09-14 08:56:47.921  INFO 10200 --- [SpringApplicationShutdownHook] .SchemaDropperImpl$DelayedDropActionImpl : HHH000477: Starting delayed evictData of schema as part of SessionFactory shut-down'
2021-09-14 08:56:47.937  INFO 10200 --- [SpringApplicationShutdownHook] com.zaxxer.hikari.HikariDataSource       : HikariPool-1 - Shutdown initiated...
2021-09-14 08:56:47.980  INFO 10200 --- [SpringApplicationShutdownHook] com.zaxxer.hikari.HikariDataSource       : HikariPool-1 - Shutdown completed.
2021-09-14 08:56:52.701  INFO 16404 --- [main] c.u.ecommerce.ECommerceApplication       : Starting ECommerceApplication using Java 16.0.2 on melsheikh with PID 16404 (G:\JWDND\e-commerce-app\target\classes started by DELL in G:\JWDND\e-commerce-app)
2021-09-14 08:56:52.705  INFO 16404 --- [main] c.u.ecommerce.ECommerceApplication       : No active profile set, falling back to default profiles: default
2021-09-14 08:56:53.686  INFO 16404 --- [main] .s.d.r.c.RepositoryConfigurationDelegate : Bootstrapping Spring Data JPA repositories in DEFAULT mode.
2021-09-14 08:56:53.753  INFO 16404 --- [main] .s.d.r.c.RepositoryConfigurationDelegate : Finished Spring Data repository scanning in 59 ms. Found 4 JPA repository interfaces.
2021-09-14 08:56:54.469  INFO 16404 --- [main] o.s.b.w.embedded.tomcat.TomcatWebServer  : Tomcat initialized with port(s): 8080 (http)
2021-09-14 08:56:54.479  INFO 16404 --- [main] o.apache.catalina.core.StandardService   : Starting service [Tomcat]
2021-09-14 08:56:54.480  INFO 16404 --- [main] org.apache.catalina.core.StandardEngine  : Starting Servlet engine: [Apache Tomcat/9.0.52]
2021-09-14 08:56:54.618  INFO 16404 --- [main] o.a.c.c.C.[Tomcat].[localhost].[/]       : Initializing Spring embedded WebApplicationContext
2021-09-14 08:56:54.619  INFO 16404 --- [main] w.s.c.ServletWebServerApplicationContext : Root WebApplicationContext: initialization completed in 1828 ms
2021-09-14 08:56:54.748  INFO 16404 --- [main] o.hibernate.jpa.internal.util.LogHelper  : HHH000204: Processing PersistenceUnitInfo [name: default]
2021-09-14 08:56:54.830  INFO 16404 --- [main] org.hibernate.Version                    : HHH000412: Hibernate ORM core version 5.4.32.Final
2021-09-14 08:56:54.974  INFO 16404 --- [main] o.hibernate.annotations.common.Version   : HCANN000001: Hibernate Commons Annotations {5.1.2.Final}
2021-09-14 08:56:55.073  INFO 16404 --- [main] com.zaxxer.hikari.HikariDataSource       : HikariPool-1 - Starting...
2021-09-14 08:56:59.789  INFO 16404 --- [main] com.zaxxer.hikari.HikariDataSource       : HikariPool-1 - Start completed.
2021-09-14 08:56:59.810  INFO 16404 --- [main] org.hibernate.dialect.Dialect            : HHH000400: Using dialect: org.hibernate.dialect.H2Dialect
2021-09-14 08:57:00.621  INFO 16404 --- [main] o.h.e.t.j.p.i.JtaPlatformInitiator       : HHH000490: Using JtaPlatform implementation: [org.hibernate.engine.transaction.jta.platform.internal.NoJtaPlatform]
2021-09-14 08:57:00.629  INFO 16404 --- [main] j.LocalContainerEntityManagerFactoryBean : Initialized JPA EntityManagerFactory for persistence unit 'default'
2021-09-14 08:57:01.171  INFO 16404 --- [main] o.s.s.web.DefaultSecurityFilterChain     : Will secure Ant [pattern='/api/user/create'] with []
2021-09-14 08:57:01.321  INFO 16404 --- [main] o.s.s.web.DefaultSecurityFilterChain     : Will secure any request with [org.springframework.security.web.context.request.async.WebAsyncManagerIntegrationFilter@691eb389, org.springframework.security.web.context.SecurityContextPersistenceFilter@63636de0, org.springframework.security.web.header.HeaderWriterFilter@87f6ab5, org.springframework.web.filter.CorsFilter@301770d9, org.springframework.security.web.authentication.logout.LogoutFilter@582ca1e2, com.udacity.ecommerce.security.JWTAuthenticationFilter@40edc64e, com.udacity.ecommerce.security.JWTAuthenticationVerificationFilter@1fec9d33, org.springframework.security.web.savedrequest.RequestCacheAwareFilter@352ce817, org.springframework.security.web.servletapi.SecurityContextHolderAwareRequestFilter@76d0a290, org.springframework.security.web.authentication.AnonymousAuthenticationFilter@372f7bc, org.springframework.security.web.session.SessionManagementFilter@41581c3f, org.springframework.security.web.access.ExceptionTranslationFilter@52f7fa65, org.springframework.security.web.access.intercept.FilterSecurityInterceptor@7341baa3]
2021-09-14 08:57:01.550  INFO 16404 --- [main] o.s.b.w.embedded.tomcat.TomcatWebServer  : Tomcat started on port(s): 8080 (http) with context path ''
2021-09-14 08:57:01.560  INFO 16404 --- [main] c.u.ecommerce.ECommerceApplication       : Started ECommerceApplication in 9.423 seconds (JVM running for 10.488)
2021-09-14 08:57:09.153  INFO 16404 --- [http-nio-8080-exec-2] o.a.c.c.C.[Tomcat].[localhost].[/]       : Initializing Spring DispatcherServlet 'dispatcherServlet'
2021-09-14 08:57:09.153  INFO 16404 --- [http-nio-8080-exec-2] o.s.web.servlet.DispatcherServlet        : Initializing Servlet 'dispatcherServlet'
2021-09-14 08:57:09.154  INFO 16404 --- [http-nio-8080-exec-2] o.s.web.servlet.DispatcherServlet        : Completed initialization in 1 ms
2021-09-14 08:57:09.293  INFO 16404 --- [http-nio-8080-exec-2] c.u.e.controllers.UserController         : CreateUser|Request=CreateUserRequest(username=Sasa94s, password=passw0rD!, confirmPassword=passw0rD!)
2021-09-14 08:57:09.569  INFO 16404 --- [http-nio-8080-exec-2] c.u.e.controllers.UserController         : CreateUser|Response=User(id=1, username=Sasa94s, password=$2a$10$i.J4jjqHzMucMhMO8/.XKOLlbtdsL9lFBlQkFs5RZLqS6wMwceweS, salt=$2a$10$i.J4jjqHzMucMhMO8/.XKO)
2021-09-14 09:00:54.329  INFO 16404 --- [SpringApplicationShutdownHook] j.LocalContainerEntityManagerFactoryBean : Closing JPA EntityManagerFactory for persistence unit 'default'
2021-09-14 09:00:54.329  INFO 16404 --- [SpringApplicationShutdownHook] .SchemaDropperImpl$DelayedDropActionImpl : HHH000477: Starting delayed evictData of schema as part of SessionFactory shut-down'
2021-09-14 09:01:00.934  INFO 16404 --- [SpringApplicationShutdownHook] com.zaxxer.hikari.HikariDataSource       : HikariPool-1 - Shutdown initiated...
2021-09-14 09:01:01.190  INFO 16404 --- [SpringApplicationShutdownHook] com.zaxxer.hikari.HikariDataSource       : HikariPool-1 - Shutdown completed.
